{"level":"DEBUG","time":"2025-06-03T16:19:00.285+0800","caller":"go-web-scaffold/main.go:24","msg":"zap init success"}
{"level":"DEBUG","time":"2025-06-03T16:33:29.292+0800","caller":"go-web-scaffold/main.go:33","msg":"zap init success"}
{"level":"DEBUG","time":"2025-06-03T16:33:49.703+0800","caller":"go-web-scaffold/main.go:33","msg":"zap init success"}
{"level":"INFO","time":"2025-06-03T16:34:24.773+0800","caller":"go-web-scaffold/main.go:63","msg":"Shutdown Server ..."}
{"level":"INFO","time":"2025-06-03T16:34:24.774+0800","caller":"go-web-scaffold/main.go:69","msg":"Server exiting"}
{"level":"DEBUG","time":"2025-06-03T16:34:50.119+0800","caller":"go-web-scaffold/main.go:33","msg":"zap init success"}
{"level":"INFO","time":"2025-06-03T16:50:47.416+0800","caller":"go-web-scaffold/main.go:63","msg":"Shutdown Server ..."}
{"level":"INFO","time":"2025-06-03T16:50:47.416+0800","caller":"go-web-scaffold/main.go:69","msg":"Server exiting"}
{"level":"DEBUG","time":"2025-06-03T16:52:57.659+0800","caller":"go-web-scaffold/main.go:33","msg":"zap init success"}
{"level":"INFO","time":"2025-06-03T16:53:06.024+0800","caller":"go-web-scaffold/main.go:62","msg":"Shutdown Server ..."}
{"level":"INFO","time":"2025-06-03T16:53:06.024+0800","caller":"go-web-scaffold/main.go:68","msg":"Server exiting"}
{"level":"DEBUG","time":"2025-06-04T17:33:40.481+0800","caller":"go-web-scaffold/main.go:33","msg":"zap init success"}
{"level":"ERROR","time":"2025-06-04T17:33:40.499+0800","caller":"mysql/mysql.go:22","msg":"mysql connect err:","error":"dial tcp: lookup tcp/${MYSQL_PORT}: unknown port"}
{"level":"DEBUG","time":"2025-06-04T17:34:50.539+0800","caller":"go-web-scaffold/main.go:33","msg":"zap init success"}
{"level":"ERROR","time":"2025-06-04T17:34:50.556+0800","caller":"mysql/mysql.go:22","msg":"mysql connect err:","error":"dial tcp: lookup tcp/${MYSQL_PORT}: unknown port"}
{"level":"DEBUG","time":"2025-06-04T17:40:39.126+0800","caller":"go-web-scaffold/main.go:33","msg":"zap init success"}
{"level":"ERROR","time":"2025-06-04T17:40:39.143+0800","caller":"mysql/mysql.go:22","msg":"mysql connect err:","error":"dial tcp: lookup tcp/${MYSQL_PORT}: unknown port"}
{"level":"DEBUG","time":"2025-06-04T17:45:09.883+0800","caller":"go-web-scaffold/main.go:33","msg":"zap init success"}
{"level":"INFO","time":"2025-06-04T17:45:21.250+0800","caller":"go-web-scaffold/main.go:62","msg":"Shutdown Server ..."}
{"level":"INFO","time":"2025-06-04T17:45:21.250+0800","caller":"go-web-scaffold/main.go:68","msg":"Server exiting"}
{"level":"DEBUG","time":"2025-06-04T17:45:27.565+0800","caller":"go-web-scaffold/main.go:33","msg":"zap init success"}
{"level":"INFO","time":"2025-06-04T17:46:43.556+0800","caller":"go-web-scaffold/main.go:62","msg":"Shutdown Server ..."}
{"level":"INFO","time":"2025-06-04T17:46:43.557+0800","caller":"go-web-scaffold/main.go:68","msg":"Server exiting"}
{"level":"DEBUG","time":"2025-06-04T17:46:45.774+0800","caller":"go-web-scaffold/main.go:33","msg":"zap init success"}
{"level":"INFO","time":"2025-06-04T17:46:51.192+0800","caller":"go-web-scaffold/main.go:62","msg":"Shutdown Server ..."}
{"level":"INFO","time":"2025-06-04T17:46:51.194+0800","caller":"go-web-scaffold/main.go:68","msg":"Server exiting"}
{"level":"DEBUG","time":"2025-06-04T17:47:55.508+0800","caller":"go-web-scaffold/main.go:33","msg":"zap init success"}
{"level":"INFO","time":"2025-06-04T17:47:58.520+0800","caller":"go-web-scaffold/main.go:62","msg":"Shutdown Server ..."}
{"level":"INFO","time":"2025-06-04T17:47:58.520+0800","caller":"go-web-scaffold/main.go:68","msg":"Server exiting"}
{"level":"DEBUG","time":"2025-06-04T17:53:14.449+0800","caller":"go-web-scaffold/main.go:33","msg":"zap init success"}
{"level":"INFO","time":"2025-06-04T17:53:16.760+0800","caller":"go-web-scaffold/main.go:62","msg":"Shutdown Server ..."}
{"level":"INFO","time":"2025-06-04T17:53:16.760+0800","caller":"go-web-scaffold/main.go:68","msg":"Server exiting"}
{"level":"DEBUG","time":"2025-06-04T19:09:08.014+0800","caller":"go-web-scaffold/main.go:33","msg":"zap init success"}
{"level":"ERROR","time":"2025-06-04T19:09:08.769+0800","caller":"redis/redis.go:24","msg":"ping redis Error:","error":"dial tcp: lookup redis: no such host"}
{"level":"DEBUG","time":"2025-06-04T19:09:37.292+0800","caller":"go-web-scaffold/main.go:33","msg":"zap init success"}
{"level":"INFO","time":"2025-06-04T19:10:33.948+0800","caller":"logger/logger.go:73","msg":"/ping","status":200,"method":"GET","path":"/ping","query":"","ip":"::1","user-agent":"Mozilla/5.0 (Macintosh; Intel Mac OS X 10_15_7) AppleWebKit/605.1.15 (KHTML, like Gecko) Version/18.1.1 Safari/605.1.15","errors":"","cost":0.000759666}
{"level":"INFO","time":"2025-06-04T19:10:33.955+0800","caller":"logger/logger.go:73","msg":"/favicon.ico","status":404,"method":"GET","path":"/favicon.ico","query":"","ip":"::1","user-agent":"Mozilla/5.0 (Macintosh; Intel Mac OS X 10_15_7) AppleWebKit/605.1.15 (KHTML, like Gecko) Version/18.1.1 Safari/605.1.15","errors":"","cost":0.000000417}
{"level":"INFO","time":"2025-06-04T19:10:55.000+0800","caller":"go-web-scaffold/main.go:62","msg":"Shutdown Server ..."}
{"level":"INFO","time":"2025-06-04T19:10:55.001+0800","caller":"go-web-scaffold/main.go:68","msg":"Server exiting"}
{"level":"DEBUG","time":"2025-06-04T19:49:57.112+0800","caller":"go-web-scaffold/main.go:33","msg":"zap init success"}
{"level":"ERROR","time":"2025-06-04T19:49:57.207+0800","caller":"redis/redis.go:24","msg":"ping redis Error:","error":"dial tcp: lookup redis: no such host"}
{"level":"DEBUG","time":"2025-06-04T20:44:21.812+0800","caller":"go-web-scaffold/main.go:33","msg":"zap init success"}
{"level":"ERROR","time":"2025-06-04T20:44:21.820+0800","caller":"mysql/mysql.go:22","msg":"mysql connect err:","error":"Error 1045 (28000): Access denied for user 'root'@'localhost' (using password: YES)"}
{"level":"DEBUG","time":"2025-06-04T22:15:23.236+0800","caller":"go-web-scaffold/main.go:33","msg":"zap init success"}
{"level":"ERROR","time":"2025-06-04T22:15:23.259+0800","caller":"mysql/mysql.go:22","msg":"mysql connect err:","error":"dial tcp: lookup mysql: no such host"}
{"level":"DEBUG","time":"2025-06-04T22:22:31.491+0800","caller":"go-web-scaffold/main.go:33","msg":"zap init success"}
{"level":"ERROR","time":"2025-06-04T22:22:31.512+0800","caller":"mysql/mysql.go:22","msg":"mysql connect err:","error":"dial tcp: lookup mysql: no such host"}
{"level":"DEBUG","time":"2025-06-04T22:34:52.465+0800","caller":"go-web-scaffold/main.go:33","msg":"zap init success"}
{"level":"ERROR","time":"2025-06-04T22:34:52.494+0800","caller":"mysql/mysql.go:22","msg":"mysql connect err:","error":"dial tcp: lookup mysql: no such host"}
{"level":"DEBUG","time":"2025-06-04T22:36:53.792+0800","caller":"go-web-scaffold/main.go:33","msg":"zap init success"}
{"level":"ERROR","time":"2025-06-04T22:36:53.795+0800","caller":"mysql/mysql.go:22","msg":"mysql connect err:","error":"Error 1049 (42000): Unknown database 'go_web_app_db'"}
{"level":"DEBUG","time":"2025-06-04T22:37:11.987+0800","caller":"go-web-scaffold/main.go:33","msg":"zap init success"}
{"level":"ERROR","time":"2025-06-04T22:37:11.988+0800","caller":"mysql/mysql.go:22","msg":"mysql connect err:","error":"Error 1049 (42000): Unknown database 'go_web_app_db'"}
{"level":"DEBUG","time":"2025-06-04T23:10:46.857+0800","caller":"go-web-scaffold/main.go:33","msg":"zap init success"}
{"level":"INFO","time":"2025-06-04T23:10:55.183+0800","caller":"go-web-scaffold/main.go:62","msg":"Shutdown Server ..."}
{"level":"INFO","time":"2025-06-04T23:10:55.184+0800","caller":"go-web-scaffold/main.go:68","msg":"Server exiting"}
{"level":"DEBUG","time":"2025-06-05T11:12:15.993+0800","caller":"go-web-scaffold/main.go:34","msg":"zap init success"}
{"level":"INFO","time":"2025-06-05T11:12:15.998+0800","caller":"mq/rabbitmq.go:14","msg":"init rabbitmq..."}
{"level":"ERROR","time":"2025-06-05T11:12:15.998+0800","caller":"mq/rabbitmq.go:24","msg":"rabbitmq init error","error":"parse \"amqp://guest:guest@127.0.0.1:%!d(string=3306)/\": invalid port \":%!d(string=3306)\" after host"}
{"level":"DEBUG","time":"2025-06-05T11:12:43.852+0800","caller":"go-web-scaffold/main.go:34","msg":"zap init success"}
{"level":"INFO","time":"2025-06-05T11:12:43.855+0800","caller":"mq/rabbitmq.go:14","msg":"init rabbitmq..."}
{"level":"ERROR","time":"2025-06-05T11:12:43.856+0800","caller":"mq/rabbitmq.go:24","msg":"rabbitmq init error","error":"parse \"amqp://guest:guest@127.0.0.1:%!d(string=5672)/\": invalid port \":%!d(string=5672)\" after host"}
{"level":"DEBUG","time":"2025-06-05T11:13:52.405+0800","caller":"go-web-scaffold/main.go:34","msg":"zap init success"}
{"level":"INFO","time":"2025-06-05T11:13:52.409+0800","caller":"mq/rabbitmq.go:14","msg":"init rabbitmq..."}
{"level":"INFO","time":"2025-06-05T11:13:59.500+0800","caller":"go-web-scaffold/main.go:69","msg":"Shutdown Server ..."}
{"level":"INFO","time":"2025-06-05T11:13:59.500+0800","caller":"go-web-scaffold/main.go:75","msg":"Server exiting"}
{"level":"DEBUG","time":"2025-06-05T11:15:17.847+0800","caller":"go-web-scaffold/main.go:34","msg":"zap init success"}
{"level":"INFO","time":"2025-06-05T11:15:17.851+0800","caller":"mq/rabbitmq.go:14","msg":"init rabbitmq..."}
{"level":"INFO","time":"2025-06-05T11:15:21.897+0800","caller":"go-web-scaffold/main.go:69","msg":"Shutdown Server ..."}
{"level":"INFO","time":"2025-06-05T11:15:21.898+0800","caller":"go-web-scaffold/main.go:75","msg":"Server exiting"}
{"level":"DEBUG","time":"2025-06-05T11:15:39.873+0800","caller":"go-web-scaffold/main.go:34","msg":"zap init success"}
{"level":"INFO","time":"2025-06-05T11:15:39.876+0800","caller":"mq/rabbitmq.go:14","msg":"init rabbitmq..."}
{"level":"INFO","time":"2025-06-05T11:15:53.921+0800","caller":"go-web-scaffold/main.go:69","msg":"Shutdown Server ..."}
{"level":"INFO","time":"2025-06-05T11:15:53.922+0800","caller":"go-web-scaffold/main.go:75","msg":"Server exiting"}
{"level":"DEBUG","time":"2025-06-05T11:57:50.547+0800","caller":"go-web-scaffold/main.go:34","msg":"zap init success"}
{"level":"INFO","time":"2025-06-05T11:57:50.550+0800","caller":"mq/rabbitmq_init.go:14","msg":"init rabbitmq..."}
{"level":"INFO","time":"2025-06-05T11:58:06.162+0800","caller":"go-web-scaffold/main.go:65","msg":"Shutdown Server ..."}
{"level":"INFO","time":"2025-06-05T11:58:06.162+0800","caller":"go-web-scaffold/main.go:106","msg":"Server exiting"}
{"level":"DEBUG","time":"2025-06-05T12:00:26.993+0800","caller":"go-web-scaffold/main.go:33","msg":"zap init success"}
{"level":"INFO","time":"2025-06-05T12:00:26.996+0800","caller":"mq/rabbitmq_init.go:14","msg":"init rabbitmq..."}
{"level":"INFO","time":"2025-06-05T12:00:29.882+0800","caller":"go-web-scaffold/main.go:60","msg":"Shutdown Server ..."}
{"level":"INFO","time":"2025-06-05T12:00:29.883+0800","caller":"go-web-scaffold/main.go:105","msg":"Server exiting"}
{"level":"DEBUG","time":"2025-06-05T12:11:54.330+0800","caller":"go-web-scaffold/main.go:34","msg":"zap init success"}
{"level":"INFO","time":"2025-06-05T12:11:54.333+0800","caller":"mq/rabbitmq_init.go:14","msg":"init rabbitmq..."}
{"level":"ERROR","time":"2025-06-05T12:11:54.374+0800","caller":"verify/mysql_verify.go:47","msg":"get user failed","error":"missing destination name created_at in *models.User"}
{"level":"ERROR","time":"2025-06-05T12:11:54.374+0800","caller":"go-web-scaffold/main.go:55","msg":"Test MySQL Error","error":"missing destination name created_at in *models.User"}
{"level":"ERROR","time":"2025-06-05T12:11:54.374+0800","caller":"go-web-scaffold/main.go:87","msg":"validation test error","error":"missing destination name created_at in *models.User"}
{"level":"DEBUG","time":"2025-06-05T12:12:17.008+0800","caller":"go-web-scaffold/main.go:34","msg":"zap init success"}
{"level":"INFO","time":"2025-06-05T12:12:17.011+0800","caller":"mq/rabbitmq_init.go:14","msg":"init rabbitmq..."}
{"level":"ERROR","time":"2025-06-05T12:12:17.020+0800","caller":"verify/mysql_verify.go:47","msg":"get user failed","error":"missing destination name created_at in *models.User"}
{"level":"ERROR","time":"2025-06-05T12:12:17.020+0800","caller":"go-web-scaffold/main.go:55","msg":"Test MySQL Error","error":"missing destination name created_at in *models.User"}
{"level":"ERROR","time":"2025-06-05T12:12:17.020+0800","caller":"go-web-scaffold/main.go:87","msg":"validation test error","error":"missing destination name created_at in *models.User"}
{"level":"DEBUG","time":"2025-06-05T12:14:54.675+0800","caller":"go-web-scaffold/main.go:34","msg":"zap init success"}
{"level":"INFO","time":"2025-06-05T12:14:54.678+0800","caller":"mq/rabbitmq_init.go:14","msg":"init rabbitmq..."}
{"level":"ERROR","time":"2025-06-05T12:14:54.687+0800","caller":"verify/mysql_verify.go:47","msg":"get user failed","error":"missing destination name created_at in *models.User"}
{"level":"ERROR","time":"2025-06-05T12:14:54.687+0800","caller":"go-web-scaffold/main.go:55","msg":"Test MySQL Error","error":"missing destination name created_at in *models.User"}
{"level":"ERROR","time":"2025-06-05T12:14:54.687+0800","caller":"go-web-scaffold/main.go:87","msg":"validation test error","error":"missing destination name created_at in *models.User"}
{"level":"DEBUG","time":"2025-06-05T12:17:22.353+0800","caller":"go-web-scaffold/main.go:34","msg":"zap init success"}
{"level":"INFO","time":"2025-06-05T12:17:22.357+0800","caller":"mq/rabbitmq_init.go:14","msg":"init rabbitmq..."}
{"level":"ERROR","time":"2025-06-05T12:17:22.369+0800","caller":"verify/mysql_verify.go:47","msg":"get user failed","error":"missing destination name created_at in *models.User"}
{"level":"ERROR","time":"2025-06-05T12:17:22.369+0800","caller":"go-web-scaffold/main.go:55","msg":"Test MySQL Error","error":"missing destination name created_at in *models.User"}
{"level":"ERROR","time":"2025-06-05T12:17:22.369+0800","caller":"go-web-scaffold/main.go:83","msg":"validation test error","error":"missing destination name created_at in *models.User"}
{"level":"DEBUG","time":"2025-06-05T12:18:29.577+0800","caller":"go-web-scaffold/main.go:33","msg":"zap init success"}
{"level":"INFO","time":"2025-06-05T12:18:34.284+0800","caller":"go-web-scaffold/main.go:62","msg":"Shutdown Server ..."}
{"level":"INFO","time":"2025-06-05T12:18:34.284+0800","caller":"go-web-scaffold/main.go:68","msg":"Server exiting"}
{"level":"DEBUG","time":"2025-06-05T12:20:24.347+0800","caller":"go-web-scaffold/main.go:34","msg":"zap init success"}
{"level":"ERROR","time":"2025-06-05T12:20:24.353+0800","caller":"verify/mysql_verify.go:47","msg":"get user failed","error":"missing destination name created_at in *models.User"}
{"level":"DEBUG","time":"2025-06-05T12:22:23.862+0800","caller":"go-web-scaffold/main.go:34","msg":"zap init success"}
{"level":"ERROR","time":"2025-06-05T12:22:23.869+0800","caller":"verify/mysql_verify.go:47","msg":"get user failed","error":"sql: Scan error on column index 3, name \"created_at\": unsupported Scan, storing driver.Value type []uint8 into type *time.Time"}
{"level":"DEBUG","time":"2025-06-05T12:23:30.652+0800","caller":"go-web-scaffold/main.go:34","msg":"zap init success"}
{"level":"INFO","time":"2025-06-05T12:24:41.849+0800","caller":"go-web-scaffold/main.go:68","msg":"Shutdown Server ..."}
{"level":"INFO","time":"2025-06-05T12:24:41.850+0800","caller":"go-web-scaffold/main.go:74","msg":"Server exiting"}
{"level":"DEBUG","time":"2025-06-05T12:24:44.170+0800","caller":"go-web-scaffold/main.go:35","msg":"zap init success"}
{"level":"INFO","time":"2025-06-05T12:24:44.178+0800","caller":"mq/rabbitmq_init.go:14","msg":"init rabbitmq..."}
{"level":"INFO","time":"2025-06-05T12:24:53.139+0800","caller":"go-web-scaffold/main.go:75","msg":"Shutdown Server ..."}
{"level":"INFO","time":"2025-06-05T12:24:53.139+0800","caller":"go-web-scaffold/main.go:81","msg":"Server exiting"}
{"level":"DEBUG","time":"2025-06-05T12:27:12.006+0800","caller":"go-web-scaffold/main.go:35","msg":"zap init success"}
{"level":"INFO","time":"2025-06-05T12:27:12.015+0800","caller":"mq/rabbitmq_init.go:14","msg":"init rabbitmq..."}
{"level":"INFO","time":"2025-06-05T13:29:05.466+0800","caller":"go-web-scaffold/main.go:75","msg":"Shutdown Server ..."}
{"level":"INFO","time":"2025-06-05T13:29:05.466+0800","caller":"go-web-scaffold/main.go:81","msg":"Server exiting"}
{"level":"DEBUG","time":"2025-06-05T13:29:07.694+0800","caller":"go-web-scaffold/main.go:35","msg":"zap init success"}
{"level":"INFO","time":"2025-06-05T13:29:07.699+0800","caller":"mq/rabbitmq_init.go:14","msg":"init rabbitmq..."}
{"level":"INFO","time":"2025-06-05T13:29:41.757+0800","caller":"go-web-scaffold/main.go:80","msg":"Shutdown Server ..."}
{"level":"INFO","time":"2025-06-05T13:29:41.757+0800","caller":"go-web-scaffold/main.go:86","msg":"Server exiting"}
{"level":"DEBUG","time":"2025-06-05T13:29:43.933+0800","caller":"go-web-scaffold/main.go:35","msg":"zap init success"}
{"level":"INFO","time":"2025-06-05T13:29:43.941+0800","caller":"mq/rabbitmq_init.go:14","msg":"init rabbitmq..."}
{"level":"INFO","time":"2025-06-05T13:29:53.321+0800","caller":"go-web-scaffold/main.go:80","msg":"Shutdown Server ..."}
{"level":"INFO","time":"2025-06-05T13:29:53.321+0800","caller":"go-web-scaffold/main.go:86","msg":"Server exiting"}
{"level":"DEBUG","time":"2025-06-05T15:50:04.408+0800","caller":"go-web-scaffold/main.go:35","msg":"zap init success"}
{"level":"INFO","time":"2025-06-05T15:50:04.416+0800","caller":"mq/rabbitmq_init.go:14","msg":"init rabbitmq..."}
{"level":"INFO","time":"2025-06-05T15:51:05.114+0800","caller":"go-web-scaffold/main.go:80","msg":"Shutdown Server ..."}
{"level":"INFO","time":"2025-06-05T15:51:05.116+0800","caller":"go-web-scaffold/main.go:86","msg":"Server exiting"}
{"level":"DEBUG","time":"2025-06-05T15:51:07.589+0800","caller":"go-web-scaffold/main.go:35","msg":"zap init success"}
{"level":"INFO","time":"2025-06-05T15:51:07.595+0800","caller":"mq/rabbitmq_init.go:14","msg":"init rabbitmq..."}
{"level":"INFO","time":"2025-06-05T15:51:43.918+0800","caller":"go-web-scaffold/main.go:82","msg":"Shutdown Server ..."}
{"level":"INFO","time":"2025-06-05T15:51:43.919+0800","caller":"go-web-scaffold/main.go:88","msg":"Server exiting"}
{"level":"DEBUG","time":"2025-06-05T15:51:46.307+0800","caller":"go-web-scaffold/main.go:35","msg":"zap init success"}
{"level":"INFO","time":"2025-06-05T15:51:46.313+0800","caller":"mq/rabbitmq_init.go:14","msg":"init rabbitmq..."}
{"level":"INFO","time":"2025-06-05T15:51:47.414+0800","caller":"verify/rabbitmq_verify.go:48","msg":"ProcessMessage Success"}
{"level":"DEBUG","time":"2025-06-05T15:53:02.276+0800","caller":"go-web-scaffold/main.go:35","msg":"zap init success"}
{"level":"INFO","time":"2025-06-05T15:53:02.284+0800","caller":"mq/rabbitmq_init.go:14","msg":"init rabbitmq..."}
{"level":"INFO","time":"2025-06-05T15:53:02.295+0800","caller":"verify/rabbitmq_verify.go:48","msg":"ProcessMessage Success"}
{"level":"DEBUG","time":"2025-06-05T16:21:05.454+0800","caller":"go-web-scaffold/main.go:35","msg":"zap init success"}
{"level":"INFO","time":"2025-06-05T16:21:05.463+0800","caller":"mq/rabbitmq_init.go:14","msg":"init rabbitmq..."}
{"level":"DEBUG","time":"2025-06-05T16:22:04.858+0800","caller":"go-web-scaffold/main.go:35","msg":"zap init success"}
{"level":"INFO","time":"2025-06-05T16:22:04.864+0800","caller":"mq/rabbitmq_init.go:14","msg":"init rabbitmq..."}
{"level":"DEBUG","time":"2025-06-05T16:23:45.645+0800","caller":"go-web-scaffold/main.go:35","msg":"zap init success"}
{"level":"INFO","time":"2025-06-05T16:23:45.653+0800","caller":"mq/rabbitmq_init.go:14","msg":"init rabbitmq..."}
{"level":"DEBUG","time":"2025-06-05T16:23:59.847+0800","caller":"go-web-scaffold/main.go:35","msg":"zap init success"}
{"level":"INFO","time":"2025-06-05T16:23:59.855+0800","caller":"mq/rabbitmq_init.go:14","msg":"init rabbitmq..."}
{"level":"DEBUG","time":"2025-06-05T16:24:50.450+0800","caller":"go-web-scaffold/main.go:35","msg":"zap init success"}
{"level":"INFO","time":"2025-06-05T16:24:50.457+0800","caller":"mq/rabbitmq_init.go:14","msg":"init rabbitmq..."}
{"level":"DEBUG","time":"2025-06-05T16:52:34.475+0800","caller":"go-web-scaffold/main.go:35","msg":"zap init success"}
{"level":"INFO","time":"2025-06-05T16:52:34.481+0800","caller":"mq/rabbitmq_init.go:13","msg":"init rabbitmq..."}
{"level":"INFO","time":"2025-06-05T16:53:30.014+0800","caller":"go-web-scaffold/main.go:85","msg":"Shutdown Server ..."}
{"level":"INFO","time":"2025-06-05T16:53:30.015+0800","caller":"go-web-scaffold/main.go:91","msg":"Server exiting"}
{"level":"DEBUG","time":"2025-06-05T16:53:32.668+0800","caller":"go-web-scaffold/main.go:35","msg":"zap init success"}
{"level":"INFO","time":"2025-06-05T16:53:32.674+0800","caller":"mq/rabbitmq_init.go:13","msg":"init rabbitmq..."}
{"level":"INFO","time":"2025-06-05T16:54:10.523+0800","caller":"go-web-scaffold/main.go:85","msg":"Shutdown Server ..."}
{"level":"INFO","time":"2025-06-05T16:54:10.523+0800","caller":"go-web-scaffold/main.go:91","msg":"Server exiting"}
{"level":"DEBUG","time":"2025-06-05T16:54:13.432+0800","caller":"go-web-scaffold/main.go:35","msg":"zap init success"}
{"level":"INFO","time":"2025-06-05T16:54:13.440+0800","caller":"mq/rabbitmq_init.go:13","msg":"init rabbitmq..."}
{"level":"INFO","time":"2025-06-05T17:34:00.317+0800","caller":"go-web-scaffold/main.go:85","msg":"Shutdown Server ..."}
{"level":"INFO","time":"2025-06-05T17:34:00.318+0800","caller":"go-web-scaffold/main.go:91","msg":"Server exiting"}
{"level":"DEBUG","time":"2025-06-05T17:34:03.262+0800","caller":"go-web-scaffold/main.go:35","msg":"zap init success"}
{"level":"INFO","time":"2025-06-05T17:34:03.271+0800","caller":"mq/rabbitmq_init.go:16","msg":"init rabbitmq..."}
{"level":"DEBUG","time":"2025-06-05T17:35:35.458+0800","caller":"go-web-scaffold/main.go:35","msg":"zap init success"}
{"level":"INFO","time":"2025-06-05T17:35:35.466+0800","caller":"mq/rabbitmq_init.go:16","msg":"init rabbitmq..."}
{"level":"DEBUG","time":"2025-06-05T17:36:30.655+0800","caller":"go-web-scaffold/main.go:35","msg":"zap init success"}
{"level":"INFO","time":"2025-06-05T17:36:30.659+0800","caller":"mq/rabbitmq_init.go:16","msg":"init rabbitmq..."}
{"level":"DEBUG","time":"2025-06-05T17:37:54.318+0800","caller":"go-web-scaffold/main.go:35","msg":"zap init success"}
{"level":"INFO","time":"2025-06-05T17:37:54.328+0800","caller":"mq/rabbitmq_init.go:16","msg":"init rabbitmq..."}
{"level":"INFO","time":"2025-06-05T17:38:11.386+0800","caller":"go-web-scaffold/main.go:85","msg":"Shutdown Server ..."}
{"level":"INFO","time":"2025-06-05T17:38:11.386+0800","caller":"go-web-scaffold/main.go:91","msg":"Server exiting"}
{"level":"ERROR","time":"2025-06-05T17:38:11.394+0800","caller":"verify/rabbitmq_verify.go:36","msg":"consumer failed","workerId":1,"error":"consumer channel exit unexpectedly"}
{"level":"ERROR","time":"2025-06-05T17:38:11.394+0800","caller":"verify/rabbitmq_verify.go:36","msg":"consumer failed","workerId":0,"error":"consumer channel exit unexpectedly"}
{"level":"ERROR","time":"2025-06-05T17:38:11.394+0800","caller":"verify/rabbitmq_verify.go:36","msg":"consumer failed","workerId":2,"error":"consumer channel exit unexpectedly"}
{"level":"ERROR","time":"2025-06-05T17:38:11.394+0800","caller":"verify/rabbitmq_verify.go:36","msg":"consumer failed","workerId":4,"error":"consumer channel exit unexpectedly"}
{"level":"ERROR","time":"2025-06-05T17:38:11.394+0800","caller":"verify/rabbitmq_verify.go:36","msg":"consumer failed","workerId":3,"error":"consumer channel exit unexpectedly"}
{"level":"DEBUG","time":"2025-06-05T17:38:40.346+0800","caller":"go-web-scaffold/main.go:35","msg":"zap init success"}
{"level":"INFO","time":"2025-06-05T17:38:40.354+0800","caller":"mq/rabbitmq_init.go:16","msg":"init rabbitmq..."}
{"level":"INFO","time":"2025-06-05T17:41:07.954+0800","caller":"go-web-scaffold/main.go:85","msg":"Shutdown Server ..."}
{"level":"INFO","time":"2025-06-05T17:41:07.954+0800","caller":"go-web-scaffold/main.go:91","msg":"Server exiting"}
{"level":"ERROR","time":"2025-06-05T17:41:07.961+0800","caller":"verify/rabbitmq_verify.go:36","msg":"consumer failed","workerId":1,"error":"consumer channel exit unexpectedly"}
{"level":"ERROR","time":"2025-06-05T17:41:07.961+0800","caller":"verify/rabbitmq_verify.go:36","msg":"consumer failed","workerId":3,"error":"consumer channel exit unexpectedly"}
{"level":"ERROR","time":"2025-06-05T17:41:07.961+0800","caller":"verify/rabbitmq_verify.go:36","msg":"consumer failed","workerId":0,"error":"consumer channel exit unexpectedly"}
{"level":"ERROR","time":"2025-06-05T17:41:07.961+0800","caller":"verify/rabbitmq_verify.go:36","msg":"consumer failed","workerId":4,"error":"consumer channel exit unexpectedly"}
{"level":"ERROR","time":"2025-06-05T17:41:07.961+0800","caller":"verify/rabbitmq_verify.go:36","msg":"consumer failed","workerId":2,"error":"consumer channel exit unexpectedly"}
{"level":"DEBUG","time":"2025-06-05T17:41:09.790+0800","caller":"go-web-scaffold/main.go:35","msg":"zap init success"}
{"level":"INFO","time":"2025-06-05T17:41:09.798+0800","caller":"mq/rabbitmq_init.go:16","msg":"init rabbitmq..."}
{"level":"INFO","time":"2025-06-05T17:41:16.350+0800","caller":"go-web-scaffold/main.go:85","msg":"Shutdown Server ..."}
{"level":"INFO","time":"2025-06-05T17:41:16.350+0800","caller":"go-web-scaffold/main.go:91","msg":"Server exiting"}
{"level":"ERROR","time":"2025-06-05T17:41:16.356+0800","caller":"verify/rabbitmq_verify.go:32","msg":"consumer failed","workerId":4,"error":"consumer channel exit unexpectedly"}
{"level":"ERROR","time":"2025-06-05T17:41:16.356+0800","caller":"verify/rabbitmq_verify.go:32","msg":"consumer failed","workerId":1,"error":"consumer channel exit unexpectedly"}
{"level":"ERROR","time":"2025-06-05T17:41:16.356+0800","caller":"verify/rabbitmq_verify.go:32","msg":"consumer failed","workerId":0,"error":"consumer channel exit unexpectedly"}
{"level":"ERROR","time":"2025-06-05T17:41:16.356+0800","caller":"verify/rabbitmq_verify.go:32","msg":"consumer failed","workerId":3,"error":"consumer channel exit unexpectedly"}
{"level":"ERROR","time":"2025-06-05T17:41:16.356+0800","caller":"verify/rabbitmq_verify.go:32","msg":"consumer failed","workerId":2,"error":"consumer channel exit unexpectedly"}
{"level":"DEBUG","time":"2025-06-05T17:45:06.657+0800","caller":"go-web-scaffold/main.go:35","msg":"zap init success"}
{"level":"INFO","time":"2025-06-05T17:45:06.664+0800","caller":"mq/rabbitmq_init.go:16","msg":"init rabbitmq..."}
{"level":"DEBUG","time":"2025-06-05T17:46:54.669+0800","caller":"go-web-scaffold/main.go:35","msg":"zap init success"}
{"level":"INFO","time":"2025-06-05T17:46:54.676+0800","caller":"mq/rabbitmq_init.go:16","msg":"init rabbitmq..."}
{"level":"INFO","time":"2025-06-05T17:57:22.757+0800","caller":"go-web-scaffold/main.go:85","msg":"Shutdown Server ..."}
{"level":"INFO","time":"2025-06-05T17:57:22.757+0800","caller":"go-web-scaffold/main.go:91","msg":"Server exiting"}
{"level":"ERROR","time":"2025-06-05T17:57:22.763+0800","caller":"verify/rabbitmq_verify.go:36","msg":"consumer failed","workerId":1,"error":"consumer channel exit unexpectedly"}
{"level":"ERROR","time":"2025-06-05T17:57:22.763+0800","caller":"verify/rabbitmq_verify.go:36","msg":"consumer failed","workerId":2,"error":"consumer channel exit unexpectedly"}
{"level":"ERROR","time":"2025-06-05T17:57:22.763+0800","caller":"verify/rabbitmq_verify.go:36","msg":"consumer failed","workerId":3,"error":"consumer channel exit unexpectedly"}
{"level":"ERROR","time":"2025-06-05T17:57:22.763+0800","caller":"verify/rabbitmq_verify.go:36","msg":"consumer failed","workerId":0,"error":"consumer channel exit unexpectedly"}
{"level":"ERROR","time":"2025-06-05T17:57:22.763+0800","caller":"verify/rabbitmq_verify.go:36","msg":"consumer failed","workerId":4,"error":"consumer channel exit unexpectedly"}
